<?xml version="1.0" encoding="UTF-8"?>
<testsuite xmlns:xsi="http://www.w3.org/2001/XMLSchema-instance" xsi:noNamespaceSchemaLocation="https://maven.apache.org/surefire/maven-surefire-plugin/xsd/surefire-test-report.xsd" name="br.gov.sp.fatec.lab5.PedidoRepositoryTest" time="6.023" tests="1" errors="1" skipped="0" failures="0">
  <properties>
[...]
</properties>
  <testcase name="br.gov.sp.fatec.lab5.PedidoRepositoryTest" classname="br.gov.sp.fatec.lab5.PedidoRepositoryTest" time="6.021">
    <error message="Invalid property &apos;id&apos; of bean class [br.gov.sp.fatec.lab5.entity.ClientePF]: Getter for property &apos;id&apos; threw exception; nested exception is java.lang.reflect.InvocationTargetException" type="org.springframework.beans.InvalidPropertyException">org.springframework.beans.InvalidPropertyException: Invalid property 'id' of bean class [br.gov.sp.fatec.lab5.entity.ClientePF]: Getter for property 'id' threw exception; nested exception is java.lang.reflect.InvocationTargetException
	at br.gov.sp.fatec.lab5.PedidoRepositoryTest.setUp(PedidoRepositoryTest.java:60)
Caused by: java.lang.reflect.InvocationTargetException
	at br.gov.sp.fatec.lab5.PedidoRepositoryTest.setUp(PedidoRepositoryTest.java:60)
Caused by: java.lang.NullPointerException
	at br.gov.sp.fatec.lab5.PedidoRepositoryTest.setUp(PedidoRepositoryTest.java:60)
</error>
    <system-out><![CDATA[00:05:58.521 [main] DEBUG org.springframework.test.context.BootstrapUtils - Instantiating CacheAwareContextLoaderDelegate from class [org.springframework.test.context.cache.DefaultCacheAwareContextLoaderDelegate]
00:05:58.537 [main] DEBUG org.springframework.test.context.BootstrapUtils - Instantiating BootstrapContext using constructor [public org.springframework.test.context.support.DefaultBootstrapContext(java.lang.Class,org.springframework.test.context.CacheAwareContextLoaderDelegate)]
00:05:58.578 [main] DEBUG org.springframework.test.context.BootstrapUtils - Instantiating TestContextBootstrapper for test class [br.gov.sp.fatec.lab5.PedidoRepositoryTest] from class [org.springframework.boot.test.context.SpringBootTestContextBootstrapper]
00:05:58.596 [main] INFO org.springframework.boot.test.context.SpringBootTestContextBootstrapper - Neither @ContextConfiguration nor @ContextHierarchy found for test class [br.gov.sp.fatec.lab5.PedidoRepositoryTest], using SpringBootContextLoader
00:05:58.602 [main] DEBUG org.springframework.test.context.support.AbstractContextLoader - Did not detect default resource location for test class [br.gov.sp.fatec.lab5.PedidoRepositoryTest]: class path resource [br/gov/sp/fatec/lab5/PedidoRepositoryTest-context.xml] does not exist
00:05:58.603 [main] DEBUG org.springframework.test.context.support.AbstractContextLoader - Did not detect default resource location for test class [br.gov.sp.fatec.lab5.PedidoRepositoryTest]: class path resource [br/gov/sp/fatec/lab5/PedidoRepositoryTestContext.groovy] does not exist
00:05:58.604 [main] INFO org.springframework.test.context.support.AbstractContextLoader - Could not detect default resource locations for test class [br.gov.sp.fatec.lab5.PedidoRepositoryTest]: no resource found for suffixes {-context.xml, Context.groovy}.
00:05:58.605 [main] INFO org.springframework.test.context.support.AnnotationConfigContextLoaderUtils - Could not detect default configuration classes for test class [br.gov.sp.fatec.lab5.PedidoRepositoryTest]: PedidoRepositoryTest does not declare any static, non-private, non-final, nested classes annotated with @Configuration.
00:05:58.664 [main] DEBUG org.springframework.test.context.support.ActiveProfilesUtils - Could not find an 'annotation declaring class' for annotation type [org.springframework.test.context.ActiveProfiles] and class [br.gov.sp.fatec.lab5.PedidoRepositoryTest]
00:05:58.748 [main] DEBUG org.springframework.context.annotation.ClassPathScanningCandidateComponentProvider - Identified candidate component class: file [/workspace/lab5-gitpod/target/classes/br/gov/sp/fatec/lab5/Lab5Application.class]
00:05:58.750 [main] INFO org.springframework.boot.test.context.SpringBootTestContextBootstrapper - Found @SpringBootConfiguration br.gov.sp.fatec.lab5.Lab5Application for test class br.gov.sp.fatec.lab5.PedidoRepositoryTest
00:05:58.905 [main] DEBUG org.springframework.boot.test.context.SpringBootTestContextBootstrapper - @TestExecutionListeners is not present for class [br.gov.sp.fatec.lab5.PedidoRepositoryTest]: using defaults.
00:05:58.906 [main] INFO org.springframework.boot.test.context.SpringBootTestContextBootstrapper - Loaded default TestExecutionListener class names from location [META-INF/spring.factories]: [org.springframework.boot.test.mock.mockito.MockitoTestExecutionListener, org.springframework.boot.test.mock.mockito.ResetMocksTestExecutionListener, org.springframework.boot.test.autoconfigure.restdocs.RestDocsTestExecutionListener, org.springframework.boot.test.autoconfigure.web.client.MockRestServiceServerResetTestExecutionListener, org.springframework.boot.test.autoconfigure.web.servlet.MockMvcPrintOnlyOnFailureTestExecutionListener, org.springframework.boot.test.autoconfigure.web.servlet.WebDriverTestExecutionListener, org.springframework.boot.test.autoconfigure.webservices.client.MockWebServiceServerTestExecutionListener, org.springframework.test.context.web.ServletTestExecutionListener, org.springframework.test.context.support.DirtiesContextBeforeModesTestExecutionListener, org.springframework.test.context.support.DependencyInjectionTestExecutionListener, org.springframework.test.context.support.DirtiesContextTestExecutionListener, org.springframework.test.context.transaction.TransactionalTestExecutionListener, org.springframework.test.context.jdbc.SqlScriptsTestExecutionListener, org.springframework.test.context.event.EventPublishingTestExecutionListener]
00:05:58.933 [main] INFO org.springframework.boot.test.context.SpringBootTestContextBootstrapper - Using TestExecutionListeners: [org.springframework.test.context.web.ServletTestExecutionListener@3e821657, org.springframework.test.context.support.DirtiesContextBeforeModesTestExecutionListener@1d131e1b, org.springframework.boot.test.mock.mockito.MockitoTestExecutionListener@71cf1b07, org.springframework.boot.test.autoconfigure.SpringBootDependencyInjectionTestExecutionListener@615091b8, org.springframework.test.context.support.DirtiesContextTestExecutionListener@4fce136b, org.springframework.test.context.transaction.TransactionalTestExecutionListener@4aa83f4f, org.springframework.test.context.jdbc.SqlScriptsTestExecutionListener@43b6123e, org.springframework.test.context.event.EventPublishingTestExecutionListener@260e86a1, org.springframework.boot.test.mock.mockito.ResetMocksTestExecutionListener@19648c40, org.springframework.boot.test.autoconfigure.restdocs.RestDocsTestExecutionListener@12bd8a64, org.springframework.boot.test.autoconfigure.web.client.MockRestServiceServerResetTestExecutionListener@61e94def, org.springframework.boot.test.autoconfigure.web.servlet.MockMvcPrintOnlyOnFailureTestExecutionListener@3300f4fd, org.springframework.boot.test.autoconfigure.web.servlet.WebDriverTestExecutionListener@ebb6851, org.springframework.boot.test.autoconfigure.webservices.client.MockWebServiceServerTestExecutionListener@70ab2d48]
00:05:58.961 [main] DEBUG org.springframework.test.context.support.TestPropertySourceUtils - Adding inlined properties to environment: {spring.jmx.enabled=false, org.springframework.boot.test.context.SpringBootTestContextBootstrapper=true}

  .   ____          _            __ _ _
 /\\ / ___'_ __ _ _(_)_ __  __ _ \ \ \ \
( ( )\___ | '_ | '_| | '_ \/ _` | \ \ \ \
 \\/  ___)| |_)| | | | | || (_| |  ) ) ) )
  '  |____| .__|_| |_|_| |_\__, | / / / /
 =========|_|==============|___/=/_/_/_/
 :: Spring Boot ::        (v2.3.3.RELEASE)

2020-10-09 00:05:59.352  INFO 9094 --- [           main] b.g.sp.fatec.lab5.PedidoRepositoryTest   : Starting PedidoRepositoryTest on ws-959606c4-7dc5-42f7-aafe-2a26d209582a with PID 9094 (started by gitpod in /workspace/lab5-gitpod)
2020-10-09 00:05:59.356  INFO 9094 --- [           main] b.g.sp.fatec.lab5.PedidoRepositoryTest   : No active profile set, falling back to default profiles: default
2020-10-09 00:06:00.393  INFO 9094 --- [           main] .s.d.r.c.RepositoryConfigurationDelegate : Bootstrapping Spring Data JPA repositories in DEFERRED mode.
2020-10-09 00:06:00.521  INFO 9094 --- [           main] .s.d.r.c.RepositoryConfigurationDelegate : Finished Spring Data repository scanning in 114ms. Found 7 JPA repository interfaces.
2020-10-09 00:06:01.350  INFO 9094 --- [           main] o.s.s.concurrent.ThreadPoolTaskExecutor  : Initializing ExecutorService 'applicationTaskExecutor'
2020-10-09 00:06:01.428  INFO 9094 --- [         task-1] o.hibernate.jpa.internal.util.LogHelper  : HHH000204: Processing PersistenceUnitInfo [name: default]
2020-10-09 00:06:01.505  INFO 9094 --- [         task-1] org.hibernate.Version                    : HHH000412: Hibernate ORM core version 5.4.20.Final
2020-10-09 00:06:01.715  INFO 9094 --- [         task-1] o.hibernate.annotations.common.Version   : HCANN000001: Hibernate Commons Annotations {5.1.0.Final}
2020-10-09 00:06:01.840  WARN 9094 --- [           main] JpaBaseConfiguration$JpaWebConfiguration : spring.jpa.open-in-view is enabled by default. Therefore, database queries may be performed during view rendering. Explicitly configure spring.jpa.open-in-view to disable this warning
2020-10-09 00:06:01.893  INFO 9094 --- [         task-1] com.zaxxer.hikari.HikariDataSource       : HikariPool-1 - Starting...
2020-10-09 00:06:02.205  INFO 9094 --- [         task-1] com.zaxxer.hikari.HikariDataSource       : HikariPool-1 - Start completed.
2020-10-09 00:06:02.238  INFO 9094 --- [         task-1] org.hibernate.dialect.Dialect            : HHH000400: Using dialect: org.hibernate.dialect.MySQL5InnoDBDialect
2020-10-09 00:06:02.718  INFO 9094 --- [           main] DeferredRepositoryInitializationListener : Triggering deferred initialization of Spring Data repositories…
2020-10-09 00:06:03.485  INFO 9094 --- [         task-1] o.h.e.t.j.p.i.JtaPlatformInitiator       : HHH000490: Using JtaPlatform implementation: [org.hibernate.engine.transaction.jta.platform.internal.NoJtaPlatform]
2020-10-09 00:06:03.497  INFO 9094 --- [         task-1] j.LocalContainerEntityManagerFactoryBean : Initialized JPA EntityManagerFactory for persistence unit 'default'
2020-10-09 00:06:04.235  INFO 9094 --- [           main] DeferredRepositoryInitializationListener : Spring Data repositories initialized!
2020-10-09 00:06:04.250  INFO 9094 --- [           main] b.g.sp.fatec.lab5.PedidoRepositoryTest   : Started PedidoRepositoryTest in 5.278 seconds (JVM running for 6.781)
]]></system-out>
  </testcase>
</testsuite>