<?xml version="1.0" encoding="UTF-8"?>
<testsuite xmlns:xsi="http://www.w3.org/2001/XMLSchema-instance" xsi:noNamespaceSchemaLocation="https://maven.apache.org/surefire/maven-surefire-plugin/xsd/surefire-test-report.xsd" name="br.gov.sp.fatec.lab5.PedidoRepositoryTest" time="0.414" tests="2" errors="2" skipped="0" failures="0">
  <properties>
[...]
</properties>
  <testcase name="deveBuscarPedidosDoClienteComItem" classname="br.gov.sp.fatec.lab5.PedidoRepositoryTest" time="0.177">
    <error message="Index 0 out of bounds for length 0" type="java.lang.IndexOutOfBoundsException">java.lang.IndexOutOfBoundsException: Index 0 out of bounds for length 0
	at br.gov.sp.fatec.lab5.PedidoRepositoryTest.deveBuscarPedidosDoClienteComItem(PedidoRepositoryTest.java:92)
</error>
    <system-out><![CDATA[2020-09-18 01:12:55.910  INFO 5768 --- [           main] .b.t.c.SpringBootTestContextBootstrapper : Neither @ContextConfiguration nor @ContextHierarchy found for test class [br.gov.sp.fatec.lab5.PedidoRepositoryTest], using SpringBootContextLoader
2020-09-18 01:12:55.911  INFO 5768 --- [           main] o.s.t.c.support.AbstractContextLoader    : Could not detect default resource locations for test class [br.gov.sp.fatec.lab5.PedidoRepositoryTest]: no resource found for suffixes {-context.xml, Context.groovy}.
2020-09-18 01:12:55.911  INFO 5768 --- [           main] t.c.s.AnnotationConfigContextLoaderUtils : Could not detect default configuration classes for test class [br.gov.sp.fatec.lab5.PedidoRepositoryTest]: PedidoRepositoryTest does not declare any static, non-private, non-final, nested classes annotated with @Configuration.
2020-09-18 01:12:55.914  INFO 5768 --- [           main] .b.t.c.SpringBootTestContextBootstrapper : Found @SpringBootConfiguration br.gov.sp.fatec.lab5.Lab5Application for test class br.gov.sp.fatec.lab5.PedidoRepositoryTest
2020-09-18 01:12:55.918  INFO 5768 --- [           main] .b.t.c.SpringBootTestContextBootstrapper : Loaded default TestExecutionListener class names from location [META-INF/spring.factories]: [org.springframework.boot.test.mock.mockito.MockitoTestExecutionListener, org.springframework.boot.test.mock.mockito.ResetMocksTestExecutionListener, org.springframework.boot.test.autoconfigure.restdocs.RestDocsTestExecutionListener, org.springframework.boot.test.autoconfigure.web.client.MockRestServiceServerResetTestExecutionListener, org.springframework.boot.test.autoconfigure.web.servlet.MockMvcPrintOnlyOnFailureTestExecutionListener, org.springframework.boot.test.autoconfigure.web.servlet.WebDriverTestExecutionListener, org.springframework.boot.test.autoconfigure.webservices.client.MockWebServiceServerTestExecutionListener, org.springframework.test.context.web.ServletTestExecutionListener, org.springframework.test.context.support.DirtiesContextBeforeModesTestExecutionListener, org.springframework.test.context.support.DependencyInjectionTestExecutionListener, org.springframework.test.context.support.DirtiesContextTestExecutionListener, org.springframework.test.context.transaction.TransactionalTestExecutionListener, org.springframework.test.context.jdbc.SqlScriptsTestExecutionListener, org.springframework.test.context.event.EventPublishingTestExecutionListener]
2020-09-18 01:12:55.919  INFO 5768 --- [           main] .b.t.c.SpringBootTestContextBootstrapper : Using TestExecutionListeners: [org.springframework.test.context.support.DirtiesContextBeforeModesTestExecutionListener@b6bccb4, org.springframework.boot.test.mock.mockito.MockitoTestExecutionListener@49edcb30, org.springframework.boot.test.autoconfigure.SpringBootDependencyInjectionTestExecutionListener@59303963, org.springframework.test.context.support.DirtiesContextTestExecutionListener@61e86192, org.springframework.test.context.transaction.TransactionalTestExecutionListener@34330f77, org.springframework.test.context.jdbc.SqlScriptsTestExecutionListener@1320e68a, org.springframework.test.context.event.EventPublishingTestExecutionListener@4b033eac, org.springframework.boot.test.mock.mockito.ResetMocksTestExecutionListener@69c532af, org.springframework.boot.test.autoconfigure.restdocs.RestDocsTestExecutionListener@45a1d057, org.springframework.boot.test.autoconfigure.web.client.MockRestServiceServerResetTestExecutionListener@51a16adf, org.springframework.boot.test.autoconfigure.web.servlet.MockMvcPrintOnlyOnFailureTestExecutionListener@385d819, org.springframework.boot.test.autoconfigure.web.servlet.WebDriverTestExecutionListener@4315c28c, org.springframework.boot.test.autoconfigure.webservices.client.MockWebServiceServerTestExecutionListener@8fd91d1]
]]></system-out>
  </testcase>
  <testcase name="deveSalvarUmPedido" classname="br.gov.sp.fatec.lab5.PedidoRepositoryTest" time="0.063">
    <error type="java.lang.NullPointerException">java.lang.NullPointerException
	at br.gov.sp.fatec.lab5.PedidoRepositoryTest.deveSalvarUmPedido(PedidoRepositoryTest.java:70)
</error>
  </testcase>
</testsuite>