<?xml version="1.0" encoding="UTF-8"?>
<testsuite xmlns:xsi="http://www.w3.org/2001/XMLSchema-instance" xsi:noNamespaceSchemaLocation="https://maven.apache.org/surefire/maven-surefire-plugin/xsd/surefire-test-report.xsd" name="br.gov.sp.fatec.lab5.UsuarioRepositoryTest" time="4.148" tests="1" errors="1" skipped="0" failures="0">
  <properties>
[...]
</properties>
  <testcase name="shouldCreateAnUser" classname="br.gov.sp.fatec.lab5.UsuarioRepositoryTest" time="0.165">
    <error message="ids for this class must be manually assigned before calling save(): br.gov.sp.fatec.lab5.entity.Usuario; nested exception is org.hibernate.id.IdentifierGenerationException: ids for this class must be manually assigned before calling save(): br.gov.sp.fatec.lab5.entity.Usuario" type="org.springframework.orm.jpa.JpaSystemException">org.springframework.orm.jpa.JpaSystemException: ids for this class must be manually assigned before calling save(): br.gov.sp.fatec.lab5.entity.Usuario; nested exception is org.hibernate.id.IdentifierGenerationException: ids for this class must be manually assigned before calling save(): br.gov.sp.fatec.lab5.entity.Usuario
	at br.gov.sp.fatec.lab5.UsuarioRepositoryTest.shouldCreateAnUser(UsuarioRepositoryTest.java:23)
Caused by: org.hibernate.id.IdentifierGenerationException: ids for this class must be manually assigned before calling save(): br.gov.sp.fatec.lab5.entity.Usuario
	at br.gov.sp.fatec.lab5.UsuarioRepositoryTest.shouldCreateAnUser(UsuarioRepositoryTest.java:23)
</error>
    <system-out><![CDATA[01:12:51.878 [main] DEBUG org.springframework.test.context.BootstrapUtils - Instantiating CacheAwareContextLoaderDelegate from class [org.springframework.test.context.cache.DefaultCacheAwareContextLoaderDelegate]
01:12:51.894 [main] DEBUG org.springframework.test.context.BootstrapUtils - Instantiating BootstrapContext using constructor [public org.springframework.test.context.support.DefaultBootstrapContext(java.lang.Class,org.springframework.test.context.CacheAwareContextLoaderDelegate)]
01:12:51.931 [main] DEBUG org.springframework.test.context.BootstrapUtils - Instantiating TestContextBootstrapper for test class [br.gov.sp.fatec.lab5.UsuarioRepositoryTest] from class [org.springframework.boot.test.context.SpringBootTestContextBootstrapper]
01:12:51.948 [main] INFO org.springframework.boot.test.context.SpringBootTestContextBootstrapper - Neither @ContextConfiguration nor @ContextHierarchy found for test class [br.gov.sp.fatec.lab5.UsuarioRepositoryTest], using SpringBootContextLoader
01:12:51.953 [main] DEBUG org.springframework.test.context.support.AbstractContextLoader - Did not detect default resource location for test class [br.gov.sp.fatec.lab5.UsuarioRepositoryTest]: class path resource [br/gov/sp/fatec/lab5/UsuarioRepositoryTest-context.xml] does not exist
01:12:51.954 [main] DEBUG org.springframework.test.context.support.AbstractContextLoader - Did not detect default resource location for test class [br.gov.sp.fatec.lab5.UsuarioRepositoryTest]: class path resource [br/gov/sp/fatec/lab5/UsuarioRepositoryTestContext.groovy] does not exist
01:12:51.955 [main] INFO org.springframework.test.context.support.AbstractContextLoader - Could not detect default resource locations for test class [br.gov.sp.fatec.lab5.UsuarioRepositoryTest]: no resource found for suffixes {-context.xml, Context.groovy}.
01:12:51.956 [main] INFO org.springframework.test.context.support.AnnotationConfigContextLoaderUtils - Could not detect default configuration classes for test class [br.gov.sp.fatec.lab5.UsuarioRepositoryTest]: UsuarioRepositoryTest does not declare any static, non-private, non-final, nested classes annotated with @Configuration.
01:12:52.000 [main] DEBUG org.springframework.test.context.support.ActiveProfilesUtils - Could not find an 'annotation declaring class' for annotation type [org.springframework.test.context.ActiveProfiles] and class [br.gov.sp.fatec.lab5.UsuarioRepositoryTest]
01:12:52.073 [main] DEBUG org.springframework.context.annotation.ClassPathScanningCandidateComponentProvider - Identified candidate component class: file [/workspace/lab5-gitpod/target/classes/br/gov/sp/fatec/lab5/Lab5Application.class]
01:12:52.074 [main] INFO org.springframework.boot.test.context.SpringBootTestContextBootstrapper - Found @SpringBootConfiguration br.gov.sp.fatec.lab5.Lab5Application for test class br.gov.sp.fatec.lab5.UsuarioRepositoryTest
01:12:52.192 [main] DEBUG org.springframework.boot.test.context.SpringBootTestContextBootstrapper - @TestExecutionListeners is not present for class [br.gov.sp.fatec.lab5.UsuarioRepositoryTest]: using defaults.
01:12:52.193 [main] INFO org.springframework.boot.test.context.SpringBootTestContextBootstrapper - Loaded default TestExecutionListener class names from location [META-INF/spring.factories]: [org.springframework.boot.test.mock.mockito.MockitoTestExecutionListener, org.springframework.boot.test.mock.mockito.ResetMocksTestExecutionListener, org.springframework.boot.test.autoconfigure.restdocs.RestDocsTestExecutionListener, org.springframework.boot.test.autoconfigure.web.client.MockRestServiceServerResetTestExecutionListener, org.springframework.boot.test.autoconfigure.web.servlet.MockMvcPrintOnlyOnFailureTestExecutionListener, org.springframework.boot.test.autoconfigure.web.servlet.WebDriverTestExecutionListener, org.springframework.boot.test.autoconfigure.webservices.client.MockWebServiceServerTestExecutionListener, org.springframework.test.context.web.ServletTestExecutionListener, org.springframework.test.context.support.DirtiesContextBeforeModesTestExecutionListener, org.springframework.test.context.support.DependencyInjectionTestExecutionListener, org.springframework.test.context.support.DirtiesContextTestExecutionListener, org.springframework.test.context.transaction.TransactionalTestExecutionListener, org.springframework.test.context.jdbc.SqlScriptsTestExecutionListener, org.springframework.test.context.event.EventPublishingTestExecutionListener]
01:12:52.203 [main] DEBUG org.springframework.boot.test.context.SpringBootTestContextBootstrapper - Skipping candidate TestExecutionListener [org.springframework.test.context.web.ServletTestExecutionListener] due to a missing dependency. Specify custom listener classes or make the default listener classes and their required dependencies available. Offending class: [javax/servlet/ServletContext]
01:12:52.211 [main] INFO org.springframework.boot.test.context.SpringBootTestContextBootstrapper - Using TestExecutionListeners: [org.springframework.test.context.support.DirtiesContextBeforeModesTestExecutionListener@5b619d14, org.springframework.boot.test.mock.mockito.MockitoTestExecutionListener@66746f57, org.springframework.boot.test.autoconfigure.SpringBootDependencyInjectionTestExecutionListener@447a020, org.springframework.test.context.support.DirtiesContextTestExecutionListener@7f36662c, org.springframework.test.context.transaction.TransactionalTestExecutionListener@28e8dde3, org.springframework.test.context.jdbc.SqlScriptsTestExecutionListener@6d23017e, org.springframework.test.context.event.EventPublishingTestExecutionListener@54dcfa5a, org.springframework.boot.test.mock.mockito.ResetMocksTestExecutionListener@1817f1eb, org.springframework.boot.test.autoconfigure.restdocs.RestDocsTestExecutionListener@767e20cf, org.springframework.boot.test.autoconfigure.web.client.MockRestServiceServerResetTestExecutionListener@3a3e78f, org.springframework.boot.test.autoconfigure.web.servlet.MockMvcPrintOnlyOnFailureTestExecutionListener@301ec38b, org.springframework.boot.test.autoconfigure.web.servlet.WebDriverTestExecutionListener@17a1e4ca, org.springframework.boot.test.autoconfigure.webservices.client.MockWebServiceServerTestExecutionListener@10ded6a9]
01:12:52.214 [main] DEBUG org.springframework.test.context.support.AbstractDirtiesContextTestExecutionListener - Before test class: context [DefaultTestContext@3b00856b testClass = UsuarioRepositoryTest, testInstance = [null], testMethod = [null], testException = [null], mergedContextConfiguration = [MergedContextConfiguration@3016fd5e testClass = UsuarioRepositoryTest, locations = '{}', classes = '{class br.gov.sp.fatec.lab5.Lab5Application}', contextInitializerClasses = '[]', activeProfiles = '{}', propertySourceLocations = '{}', propertySourceProperties = '{org.springframework.boot.test.context.SpringBootTestContextBootstrapper=true}', contextCustomizers = set[org.springframework.boot.test.context.filter.ExcludeFilterContextCustomizer@f68f0dc, org.springframework.boot.test.json.DuplicateJsonObjectContextCustomizerFactory$DuplicateJsonObjectContextCustomizer@12591ac8, org.springframework.boot.test.mock.mockito.MockitoContextCustomizer@0, org.springframework.boot.test.web.client.TestRestTemplateContextCustomizer@29f7cefd, org.springframework.boot.test.autoconfigure.properties.PropertyMappingContextCustomizer@0, org.springframework.boot.test.autoconfigure.web.servlet.WebDriverContextCustomizerFactory$Customizer@7975d1d8, org.springframework.boot.test.context.SpringBootTestArgs@1], contextLoader = 'org.springframework.boot.test.context.SpringBootContextLoader', parent = [null]], attributes = map[[empty]]], class annotated with @DirtiesContext [false] with mode [null].
01:12:52.226 [main] DEBUG org.springframework.test.context.support.DependencyInjectionTestExecutionListener - Performing dependency injection for test context [[DefaultTestContext@3b00856b testClass = UsuarioRepositoryTest, testInstance = br.gov.sp.fatec.lab5.UsuarioRepositoryTest@6b00f608, testMethod = [null], testException = [null], mergedContextConfiguration = [MergedContextConfiguration@3016fd5e testClass = UsuarioRepositoryTest, locations = '{}', classes = '{class br.gov.sp.fatec.lab5.Lab5Application}', contextInitializerClasses = '[]', activeProfiles = '{}', propertySourceLocations = '{}', propertySourceProperties = '{org.springframework.boot.test.context.SpringBootTestContextBootstrapper=true}', contextCustomizers = set[org.springframework.boot.test.context.filter.ExcludeFilterContextCustomizer@f68f0dc, org.springframework.boot.test.json.DuplicateJsonObjectContextCustomizerFactory$DuplicateJsonObjectContextCustomizer@12591ac8, org.springframework.boot.test.mock.mockito.MockitoContextCustomizer@0, org.springframework.boot.test.web.client.TestRestTemplateContextCustomizer@29f7cefd, org.springframework.boot.test.autoconfigure.properties.PropertyMappingContextCustomizer@0, org.springframework.boot.test.autoconfigure.web.servlet.WebDriverContextCustomizerFactory$Customizer@7975d1d8, org.springframework.boot.test.context.SpringBootTestArgs@1], contextLoader = 'org.springframework.boot.test.context.SpringBootContextLoader', parent = [null]], attributes = map[[empty]]]].
01:12:52.247 [main] DEBUG org.springframework.test.context.support.TestPropertySourceUtils - Adding inlined properties to environment: {spring.jmx.enabled=false, org.springframework.boot.test.context.SpringBootTestContextBootstrapper=true}

  .   ____          _            __ _ _
 /\\ / ___'_ __ _ _(_)_ __  __ _ \ \ \ \
( ( )\___ | '_ | '_| | '_ \/ _` | \ \ \ \
 \\/  ___)| |_)| | | | | || (_| |  ) ) ) )
  '  |____| .__|_| |_|_| |_\__, | / / / /
 =========|_|==============|___/=/_/_/_/
 :: Spring Boot ::        (v2.3.3.RELEASE)

2020-09-18 01:12:52.523  INFO 5768 --- [           main] b.g.sp.fatec.lab5.UsuarioRepositoryTest  : Starting UsuarioRepositoryTest on ws-f857e86c-3192-482a-8de7-1aeab10cbbad with PID 5768 (started by gitpod in /workspace/lab5-gitpod)
2020-09-18 01:12:52.525  INFO 5768 --- [           main] b.g.sp.fatec.lab5.UsuarioRepositoryTest  : No active profile set, falling back to default profiles: default
2020-09-18 01:12:53.053  INFO 5768 --- [           main] .s.d.r.c.RepositoryConfigurationDelegate : Bootstrapping Spring Data JPA repositories in DEFERRED mode.
2020-09-18 01:12:53.152  INFO 5768 --- [           main] .s.d.r.c.RepositoryConfigurationDelegate : Finished Spring Data repository scanning in 87ms. Found 7 JPA repository interfaces.
2020-09-18 01:12:53.643  INFO 5768 --- [           main] o.s.s.concurrent.ThreadPoolTaskExecutor  : Initializing ExecutorService 'applicationTaskExecutor'
2020-09-18 01:12:53.711  INFO 5768 --- [         task-1] o.hibernate.jpa.internal.util.LogHelper  : HHH000204: Processing PersistenceUnitInfo [name: default]
2020-09-18 01:12:53.757  INFO 5768 --- [         task-1] org.hibernate.Version                    : HHH000412: Hibernate ORM core version 5.4.20.Final
2020-09-18 01:12:53.885  INFO 5768 --- [           main] DeferredRepositoryInitializationListener : Triggering deferred initialization of Spring Data repositories…
2020-09-18 01:12:53.898  INFO 5768 --- [         task-1] o.hibernate.annotations.common.Version   : HCANN000001: Hibernate Commons Annotations {5.1.0.Final}
2020-09-18 01:12:54.045  INFO 5768 --- [         task-1] com.zaxxer.hikari.HikariDataSource       : HikariPool-1 - Starting...
2020-09-18 01:12:54.272  INFO 5768 --- [         task-1] com.zaxxer.hikari.HikariDataSource       : HikariPool-1 - Start completed.
2020-09-18 01:12:54.288  INFO 5768 --- [         task-1] org.hibernate.dialect.Dialect            : HHH000400: Using dialect: org.hibernate.dialect.MySQL5InnoDBDialect
2020-09-18 01:12:55.223  INFO 5768 --- [         task-1] o.h.e.t.j.p.i.JtaPlatformInitiator       : HHH000490: Using JtaPlatform implementation: [org.hibernate.engine.transaction.jta.platform.internal.NoJtaPlatform]
2020-09-18 01:12:55.232  INFO 5768 --- [         task-1] j.LocalContainerEntityManagerFactoryBean : Initialized JPA EntityManagerFactory for persistence unit 'default'
2020-09-18 01:12:55.720  INFO 5768 --- [           main] DeferredRepositoryInitializationListener : Spring Data repositories initialized!
2020-09-18 01:12:55.728  INFO 5768 --- [           main] b.g.sp.fatec.lab5.UsuarioRepositoryTest  : Started UsuarioRepositoryTest in 3.479 seconds (JVM running for 4.696)
]]></system-out>
  </testcase>
</testsuite>